{"/Users/davefowler/Projects/prosemirror-suggestions/src/index.ts": {"path":"/Users/davefowler/Projects/prosemirror-suggestions/src/index.ts","statementMap":{"0":{"start":{"line":1,"column":0},"end":{"line":1,"column":48}},"1":{"start":{"line":2,"column":0},"end":{"line":2,"column":46}},"2":{"start":{"line":3,"column":0},"end":{"line":3,"column":50}},"3":{"start":{"line":4,"column":0},"end":{"line":4,"column":44}},"4":{"start":{"line":5,"column":0},"end":{"line":5,"column":46}},"5":{"start":{"line":6,"column":0},"end":{"line":6,"column":null}},"6":{"start":{"line":13,"column":0},"end":{"line":13,"column":36}},"7":{"start":{"line":14,"column":0},"end":{"line":14,"column":46}},"8":{"start":{"line":16,"column":15},"end":{"line":16,"column":50}},"9":{"start":{"line":21,"column":0},"end":{"line":100,"column":3}},"10":{"start":{"line":22,"column":18},"end":{"line":26,"column":4}},"11":{"start":{"line":28,"column":17},"end":{"line":28,"column":47}},"12":{"start":{"line":29,"column":18},"end":{"line":29,"column":78}},"13":{"start":{"line":30,"column":14},"end":{"line":30,"column":40}},"14":{"start":{"line":32,"column":16},"end":{"line":36,"column":4}},"15":{"start":{"line":39,"column":15},"end":{"line":39,"column":75}},"16":{"start":{"line":42,"column":3},"end":{"line":42,"column":30}},"17":{"start":{"line":45,"column":2},"end":{"line":49,"column":7}},"18":{"start":{"line":48,"column":6},"end":{"line":48,"column":70}},"19":{"start":{"line":51,"column":2},"end":{"line":55,"column":7}},"20":{"start":{"line":54,"column":6},"end":{"line":54,"column":33}},"21":{"start":{"line":57,"column":2},"end":{"line":61,"column":7}},"22":{"start":{"line":60,"column":6},"end":{"line":60,"column":33}},"23":{"start":{"line":64,"column":24},"end":{"line":65,"column":null}},"24":{"start":{"line":69,"column":2},"end":{"line":74,"column":5}},"25":{"start":{"line":70,"column":19},"end":{"line":70,"column":51}},"26":{"start":{"line":71,"column":4},"end":{"line":71,"column":25}},"27":{"start":{"line":72,"column":4},"end":{"line":72,"column":31}},"28":{"start":{"line":73,"column":4},"end":{"line":73,"column":38}},"29":{"start":{"line":77,"column":4},"end":{"line":77,"column":77}},"30":{"start":{"line":77,"column":33},"end":{"line":77,"column":77}},"31":{"start":{"line":79,"column":24},"end":{"line":79,"column":42}},"32":{"start":{"line":81,"column":31},"end":{"line":81,"column":67}},"33":{"start":{"line":82,"column":4},"end":{"line":82,"column":56}},"34":{"start":{"line":82,"column":28},"end":{"line":82,"column":56}},"35":{"start":{"line":85,"column":17},"end":{"line":85,"column":47}},"36":{"start":{"line":86,"column":4},"end":{"line":86,"column":26}},"37":{"start":{"line":87,"column":4},"end":{"line":87,"column":28}},"38":{"start":{"line":88,"column":4},"end":{"line":88,"column":36}},"39":{"start":{"line":89,"column":4},"end":{"line":89,"column":36}},"40":{"start":{"line":90,"column":4},"end":{"line":90,"column":46}},"41":{"start":{"line":93,"column":2},"end":{"line":96,"column":5}},"42":{"start":{"line":94,"column":19},"end":{"line":94,"column":54}},"43":{"start":{"line":95,"column":4},"end":{"line":95,"column":20}},"44":{"start":{"line":99,"column":2},"end":{"line":99,"column":26}}},"fnMap":{"0":{"name":"(anonymous_0)","decl":{"start":{"line":21,"column":32},"end":{"line":21,"column":35}},"loc":{"start":{"line":21,"column":37},"end":{"line":100,"column":1}}},"1":{"name":"(anonymous_1)","decl":{"start":{"line":47,"column":33},"end":{"line":47,"column":34}},"loc":{"start":{"line":47,"column":39},"end":{"line":49,"column":5}}},"2":{"name":"(anonymous_2)","decl":{"start":{"line":53,"column":32},"end":{"line":53,"column":35}},"loc":{"start":{"line":53,"column":37},"end":{"line":55,"column":5}}},"3":{"name":"(anonymous_3)","decl":{"start":{"line":59,"column":32},"end":{"line":59,"column":35}},"loc":{"start":{"line":59,"column":37},"end":{"line":61,"column":5}}},"4":{"name":"(anonymous_4)","decl":{"start":{"line":69,"column":17},"end":{"line":69,"column":18}},"loc":{"start":{"line":69,"column":34},"end":{"line":74,"column":3}}},"5":{"name":"setTheme","decl":{"start":{"line":76,"column":11},"end":{"line":76,"column":19}},"loc":{"start":{"line":76,"column":33},"end":{"line":91,"column":3}}},"6":{"name":"(anonymous_6)","decl":{"start":{"line":93,"column":43},"end":{"line":93,"column":44}},"loc":{"start":{"line":93,"column":49},"end":{"line":96,"column":3}}}},"branchMap":{"0":{"loc":{"start":{"line":45,"column":2},"end":{"line":49,"column":6}},"type":"cond-expr","locations":[{"start":{"line":46,"column":43},"end":{"line":46,"column":null}},{"start":{"line":46,"column":43},"end":{"line":49,"column":6}}]},"1":{"loc":{"start":{"line":45,"column":2},"end":{"line":46,"column":null}},"type":"binary-expr","locations":[{"start":{"line":45,"column":2},"end":{"line":46,"column":null}},{"start":{"line":46,"column":43},"end":{"line":46,"column":null}}]},"2":{"loc":{"start":{"line":51,"column":2},"end":{"line":55,"column":6}},"type":"cond-expr","locations":[{"start":{"line":52,"column":43},"end":{"line":52,"column":null}},{"start":{"line":52,"column":43},"end":{"line":55,"column":6}}]},"3":{"loc":{"start":{"line":51,"column":2},"end":{"line":52,"column":null}},"type":"binary-expr","locations":[{"start":{"line":51,"column":2},"end":{"line":52,"column":null}},{"start":{"line":52,"column":43},"end":{"line":52,"column":null}}]},"4":{"loc":{"start":{"line":57,"column":2},"end":{"line":61,"column":6}},"type":"cond-expr","locations":[{"start":{"line":58,"column":43},"end":{"line":58,"column":null}},{"start":{"line":58,"column":43},"end":{"line":61,"column":6}}]},"5":{"loc":{"start":{"line":57,"column":2},"end":{"line":58,"column":null}},"type":"binary-expr","locations":[{"start":{"line":57,"column":2},"end":{"line":58,"column":null}},{"start":{"line":58,"column":43},"end":{"line":58,"column":null}}]},"6":{"loc":{"start":{"line":77,"column":4},"end":{"line":77,"column":77}},"type":"if","locations":[{"start":{"line":77,"column":4},"end":{"line":77,"column":77}}]},"7":{"loc":{"start":{"line":82,"column":4},"end":{"line":82,"column":56}},"type":"if","locations":[{"start":{"line":82,"column":4},"end":{"line":82,"column":56}}]}},"s":{"0":0,"1":0,"2":0,"3":0,"4":0,"5":0,"6":0,"7":0,"8":0,"9":0,"10":0,"11":0,"12":0,"13":0,"14":0,"15":0,"16":0,"17":0,"18":0,"19":0,"20":0,"21":0,"22":0,"23":0,"24":0,"25":0,"26":0,"27":0,"28":0,"29":0,"30":0,"31":0,"32":0,"33":0,"34":0,"35":0,"36":0,"37":0,"38":0,"39":0,"40":0,"41":0,"42":0,"43":0,"44":0},"f":{"0":0,"1":0,"2":0,"3":0,"4":0,"5":0,"6":0},"b":{"0":[0,0],"1":[0,0],"2":[0,0],"3":[0,0],"4":[0,0],"5":[0,0],"6":[0],"7":[0]}}
,"/Users/davefowler/Projects/prosemirror-suggestions/src/schema.ts": {"path":"/Users/davefowler/Projects/prosemirror-suggestions/src/schema.ts","statementMap":{"0":{"start":{"line":1,"column":0},"end":{"line":1,"column":43}},"1":{"start":{"line":2,"column":0},"end":{"line":2,"column":50}},"2":{"start":{"line":3,"column":0},"end":{"line":3,"column":55}},"3":{"start":{"line":6,"column":13},"end":{"line":45,"column":2}},"4":{"start":{"line":16,"column":6},"end":{"line":23,"column":15}},"5":{"start":{"line":35,"column":6},"end":{"line":42,"column":15}},"6":{"start":{"line":49,"column":13},"end":{"line":55,"column":3}}},"fnMap":{"0":{"name":"(anonymous_0)","decl":{"start":{"line":15,"column":4},"end":{"line":15,"column":9}},"loc":{"start":{"line":15,"column":9},"end":{"line":24,"column":5}}},"1":{"name":"(anonymous_1)","decl":{"start":{"line":34,"column":4},"end":{"line":34,"column":9}},"loc":{"start":{"line":34,"column":14},"end":{"line":43,"column":5}}}},"branchMap":{},"s":{"0":0,"1":0,"2":0,"3":0,"4":0,"5":0,"6":0},"f":{"0":0,"1":0},"b":{}}
,"/Users/davefowler/Projects/prosemirror-suggestions/src/suggestions.ts": {"path":"/Users/davefowler/Projects/prosemirror-suggestions/src/suggestions.ts","statementMap":{"0":{"start":{"line":1,"column":0},"end":{"line":1,"column":80}},"1":{"start":{"line":2,"column":0},"end":{"line":2,"column":52}},"2":{"start":{"line":4,"column":0},"end":{"line":4,"column":73}},"3":{"start":{"line":16,"column":13},"end":{"line":18,"column":2}},"4":{"start":{"line":20,"column":33},"end":{"line":32,"column":1}},"5":{"start":{"line":24,"column":16},"end":{"line":24,"column":57}},"6":{"start":{"line":25,"column":2},"end":{"line":25,"column":21}},"7":{"start":{"line":25,"column":14},"end":{"line":25,"column":21}},"8":{"start":{"line":26,"column":2},"end":{"line":31,"column":4}},"9":{"start":{"line":20,"column":13},"end":{"line":20,"column":33}},"10":{"start":{"line":34,"column":29},"end":{"line":51,"column":1}},"11":{"start":{"line":38,"column":2},"end":{"line":50,"column":5}},"12":{"start":{"line":39,"column":27},"end":{"line":41,"column":null}},"13":{"start":{"line":41,"column":8},"end":{"line":41,"column":79}},"14":{"start":{"line":43,"column":4},"end":{"line":43,"column":32}},"15":{"start":{"line":43,"column":25},"end":{"line":43,"column":32}},"16":{"start":{"line":45,"column":4},"end":{"line":49,"column":5}},"17":{"start":{"line":46,"column":6},"end":{"line":46,"column":50}},"18":{"start":{"line":48,"column":6},"end":{"line":48,"column":50}},"19":{"start":{"line":53,"column":36},"end":{"line":55,"column":1}},"20":{"start":{"line":54,"column":2},"end":{"line":54,"column":39}},"21":{"start":{"line":53,"column":13},"end":{"line":53,"column":36}},"22":{"start":{"line":57,"column":36},"end":{"line":59,"column":1}},"23":{"start":{"line":58,"column":2},"end":{"line":58,"column":39}},"24":{"start":{"line":57,"column":13},"end":{"line":57,"column":36}},"25":{"start":{"line":62,"column":22},"end":{"line":122,"column":1}},"26":{"start":{"line":67,"column":18},"end":{"line":67,"column":47}},"27":{"start":{"line":68,"column":2},"end":{"line":68,"column":43}},"28":{"start":{"line":70,"column":15},"end":{"line":70,"column":66}},"29":{"start":{"line":71,"column":19},"end":{"line":71,"column":48}},"30":{"start":{"line":72,"column":2},"end":{"line":72,"column":41}},"31":{"start":{"line":73,"column":2},"end":{"line":76,"column":53}},"32":{"start":{"line":77,"column":2},"end":{"line":77,"column":32}},"33":{"start":{"line":80,"column":2},"end":{"line":95,"column":3}},"34":{"start":{"line":81,"column":4},"end":{"line":94,"column":5}},"35":{"start":{"line":83,"column":8},"end":{"line":85,"column":27}},"36":{"start":{"line":86,"column":22},"end":{"line":88,"column":19}},"37":{"start":{"line":87,"column":31},"end":{"line":87,"column":49}},"38":{"start":{"line":89,"column":26},"end":{"line":89,"column":55}},"39":{"start":{"line":90,"column":6},"end":{"line":90,"column":58}},"40":{"start":{"line":91,"column":6},"end":{"line":91,"column":39}},"41":{"start":{"line":93,"column":6},"end":{"line":93,"column":73}},"42":{"start":{"line":98,"column":21},"end":{"line":98,"column":50}},"43":{"start":{"line":99,"column":2},"end":{"line":99,"column":46}},"44":{"start":{"line":101,"column":23},"end":{"line":101,"column":55}},"45":{"start":{"line":102,"column":2},"end":{"line":102,"column":47}},"46":{"start":{"line":103,"column":2},"end":{"line":103,"column":38}},"47":{"start":{"line":104,"column":2},"end":{"line":107,"column":5}},"48":{"start":{"line":105,"column":4},"end":{"line":105,"column":24}},"49":{"start":{"line":106,"column":4},"end":{"line":106,"column":38}},"50":{"start":{"line":109,"column":23},"end":{"line":109,"column":55}},"51":{"start":{"line":110,"column":2},"end":{"line":110,"column":47}},"52":{"start":{"line":111,"column":2},"end":{"line":111,"column":38}},"53":{"start":{"line":112,"column":2},"end":{"line":115,"column":5}},"54":{"start":{"line":113,"column":4},"end":{"line":113,"column":24}},"55":{"start":{"line":114,"column":4},"end":{"line":114,"column":38}},"56":{"start":{"line":117,"column":2},"end":{"line":117,"column":39}},"57":{"start":{"line":118,"column":2},"end":{"line":118,"column":39}},"58":{"start":{"line":119,"column":2},"end":{"line":119,"column":34}},"59":{"start":{"line":121,"column":2},"end":{"line":121,"column":17}},"60":{"start":{"line":125,"column":25},"end":{"line":175,"column":1}},"61":{"start":{"line":126,"column":13},"end":{"line":126,"column":26}},"62":{"start":{"line":127,"column":2},"end":{"line":127,"column":45}},"63":{"start":{"line":130,"column":2},"end":{"line":130,"column":66}},"64":{"start":{"line":132,"column":2},"end":{"line":172,"column":3}},"65":{"start":{"line":135,"column":15},"end":{"line":135,"column":18}},"66":{"start":{"line":136,"column":13},"end":{"line":136,"column":16}},"67":{"start":{"line":139,"column":4},"end":{"line":148,"column":6}},"68":{"start":{"line":143,"column":8},"end":{"line":146,"column":9}},"69":{"start":{"line":143,"column":35},"end":{"line":143,"column":45}},"70":{"start":{"line":144,"column":10},"end":{"line":144,"column":41}},"71":{"start":{"line":145,"column":10},"end":{"line":145,"column":53}},"72":{"start":{"line":151,"column":4},"end":{"line":151,"column":39}},"73":{"start":{"line":152,"column":9},"end":{"line":172,"column":3}},"74":{"start":{"line":154,"column":15},"end":{"line":154,"column":18}},"75":{"start":{"line":155,"column":13},"end":{"line":155,"column":16}},"76":{"start":{"line":158,"column":4},"end":{"line":167,"column":6}},"77":{"start":{"line":162,"column":8},"end":{"line":165,"column":9}},"78":{"start":{"line":162,"column":35},"end":{"line":162,"column":45}},"79":{"start":{"line":163,"column":10},"end":{"line":163,"column":41}},"80":{"start":{"line":164,"column":10},"end":{"line":164,"column":53}},"81":{"start":{"line":169,"column":4},"end":{"line":169,"column":54}},"82":{"start":{"line":171,"column":4},"end":{"line":171,"column":24}},"83":{"start":{"line":174,"column":2},"end":{"line":174,"column":20}},"84":{"start":{"line":178,"column":25},"end":{"line":226,"column":1}},"85":{"start":{"line":179,"column":13},"end":{"line":179,"column":26}},"86":{"start":{"line":180,"column":2},"end":{"line":180,"column":45}},"87":{"start":{"line":183,"column":2},"end":{"line":183,"column":66}},"88":{"start":{"line":185,"column":2},"end":{"line":223,"column":3}},"89":{"start":{"line":187,"column":15},"end":{"line":187,"column":18}},"90":{"start":{"line":188,"column":13},"end":{"line":188,"column":16}},"91":{"start":{"line":191,"column":4},"end":{"line":200,"column":6}},"92":{"start":{"line":195,"column":8},"end":{"line":198,"column":9}},"93":{"start":{"line":195,"column":35},"end":{"line":195,"column":45}},"94":{"start":{"line":196,"column":10},"end":{"line":196,"column":41}},"95":{"start":{"line":197,"column":10},"end":{"line":197,"column":53}},"96":{"start":{"line":203,"column":4},"end":{"line":203,"column":24}},"97":{"start":{"line":204,"column":9},"end":{"line":223,"column":3}},"98":{"start":{"line":206,"column":15},"end":{"line":206,"column":18}},"99":{"start":{"line":207,"column":13},"end":{"line":207,"column":16}},"100":{"start":{"line":210,"column":4},"end":{"line":219,"column":6}},"101":{"start":{"line":214,"column":8},"end":{"line":217,"column":9}},"102":{"start":{"line":214,"column":35},"end":{"line":214,"column":45}},"103":{"start":{"line":215,"column":10},"end":{"line":215,"column":41}},"104":{"start":{"line":216,"column":10},"end":{"line":216,"column":53}},"105":{"start":{"line":222,"column":4},"end":{"line":222,"column":39}},"106":{"start":{"line":225,"column":2},"end":{"line":225,"column":20}},"107":{"start":{"line":229,"column":29},"end":{"line":268,"column":1}},"108":{"start":{"line":234,"column":15},"end":{"line":234,"column":37}},"109":{"start":{"line":237,"column":20},"end":{"line":237,"column":53}},"110":{"start":{"line":238,"column":2},"end":{"line":238,"column":30}},"111":{"start":{"line":238,"column":18},"end":{"line":238,"column":30}},"112":{"start":{"line":240,"column":15},"end":{"line":240,"column":68}},"113":{"start":{"line":240,"column":43},"end":{"line":240,"column":67}},"114":{"start":{"line":241,"column":2},"end":{"line":241,"column":25}},"115":{"start":{"line":241,"column":13},"end":{"line":241,"column":25}},"116":{"start":{"line":244,"column":13},"end":{"line":244,"column":16}},"117":{"start":{"line":245,"column":11},"end":{"line":245,"column":14}},"118":{"start":{"line":248,"column":2},"end":{"line":255,"column":3}},"119":{"start":{"line":249,"column":18},"end":{"line":249,"column":45}},"120":{"start":{"line":250,"column":23},"end":{"line":250,"column":38}},"121":{"start":{"line":251,"column":4},"end":{"line":253,"column":5}},"122":{"start":{"line":251,"column":53},"end":{"line":251,"column":63}},"123":{"start":{"line":252,"column":6},"end":{"line":252,"column":12}},"124":{"start":{"line":254,"column":4},"end":{"line":254,"column":11}},"125":{"start":{"line":258,"column":2},"end":{"line":265,"column":3}},"126":{"start":{"line":259,"column":16},"end":{"line":259,"column":37}},"127":{"start":{"line":260,"column":22},"end":{"line":260,"column":35}},"128":{"start":{"line":261,"column":4},"end":{"line":263,"column":5}},"129":{"start":{"line":261,"column":51},"end":{"line":261,"column":61}},"130":{"start":{"line":262,"column":6},"end":{"line":262,"column":12}},"131":{"start":{"line":264,"column":4},"end":{"line":264,"column":29}},"132":{"start":{"line":267,"column":2},"end":{"line":267,"column":28}},"133":{"start":{"line":229,"column":13},"end":{"line":229,"column":29}},"134":{"start":{"line":271,"column":13},"end":{"line":528,"column":3}},"135":{"start":{"line":280,"column":24},"end":{"line":280,"column":47}},"136":{"start":{"line":281,"column":4},"end":{"line":281,"column":52}},"137":{"start":{"line":281,"column":40},"end":{"line":281,"column":52}},"138":{"start":{"line":283,"column":13},"end":{"line":283,"column":24}},"139":{"start":{"line":284,"column":18},"end":{"line":284,"column":23}},"140":{"start":{"line":286,"column":4},"end":{"line":421,"column":7}},"141":{"start":{"line":288,"column":19},"end":{"line":288,"column":60}},"142":{"start":{"line":289,"column":6},"end":{"line":291,"column":7}},"143":{"start":{"line":290,"column":8},"end":{"line":290,"column":15}},"144":{"start":{"line":293,"column":6},"end":{"line":420,"column":9}},"145":{"start":{"line":294,"column":8},"end":{"line":419,"column":9}},"146":{"start":{"line":295,"column":23},"end":{"line":295,"column":32}},"147":{"start":{"line":296,"column":21},"end":{"line":296,"column":28}},"148":{"start":{"line":297,"column":23},"end":{"line":297,"column":62}},"149":{"start":{"line":298,"column":26},"end":{"line":301,"column":null}},"150":{"start":{"line":303,"column":26},"end":{"line":303,"column":44}},"151":{"start":{"line":304,"column":24},"end":{"line":304,"column":48}},"152":{"start":{"line":307,"column":24},"end":{"line":307,"column":50}},"153":{"start":{"line":308,"column":30},"end":{"line":308,"column":43}},"154":{"start":{"line":309,"column":27},"end":{"line":312,"column":null}},"155":{"start":{"line":311,"column":14},"end":{"line":312,"column":49}},"156":{"start":{"line":314,"column":10},"end":{"line":317,"column":11}},"157":{"start":{"line":316,"column":12},"end":{"line":316,"column":19}},"158":{"start":{"line":319,"column":10},"end":{"line":322,"column":13}},"159":{"start":{"line":324,"column":10},"end":{"line":359,"column":11}},"160":{"start":{"line":326,"column":27},"end":{"line":326,"column":31}},"161":{"start":{"line":327,"column":25},"end":{"line":327,"column":43}},"162":{"start":{"line":330,"column":36},"end":{"line":333,"column":null}},"163":{"start":{"line":336,"column":12},"end":{"line":336,"column":44}},"164":{"start":{"line":337,"column":12},"end":{"line":347,"column":13}},"165":{"start":{"line":339,"column":14},"end":{"line":343,"column":16}},"166":{"start":{"line":345,"column":14},"end":{"line":345,"column":80}},"167":{"start":{"line":346,"column":14},"end":{"line":346,"column":74}},"168":{"start":{"line":349,"column":12},"end":{"line":357,"column":14}},"169":{"start":{"line":358,"column":12},"end":{"line":358,"column":27}},"170":{"start":{"line":361,"column":10},"end":{"line":413,"column":11}},"171":{"start":{"line":363,"column":27},"end":{"line":363,"column":34}},"172":{"start":{"line":364,"column":25},"end":{"line":364,"column":30}},"173":{"start":{"line":367,"column":33},"end":{"line":370,"column":null}},"174":{"start":{"line":373,"column":12},"end":{"line":373,"column":57}},"175":{"start":{"line":374,"column":12},"end":{"line":392,"column":13}},"176":{"start":{"line":376,"column":14},"end":{"line":380,"column":16}},"177":{"start":{"line":383,"column":14},"end":{"line":383,"column":63}},"178":{"start":{"line":384,"column":14},"end":{"line":384,"column":57}},"179":{"start":{"line":386,"column":14},"end":{"line":391,"column":16}},"180":{"start":{"line":393,"column":12},"end":{"line":400,"column":14}},"181":{"start":{"line":403,"column":12},"end":{"line":411,"column":14}},"182":{"start":{"line":412,"column":12},"end":{"line":412,"column":27}},"183":{"start":{"line":416,"column":31},"end":{"line":416,"column":64}},"184":{"start":{"line":417,"column":28},"end":{"line":417,"column":65}},"185":{"start":{"line":418,"column":10},"end":{"line":418,"column":66}},"186":{"start":{"line":424,"column":4},"end":{"line":424,"column":31}},"187":{"start":{"line":429,"column":6},"end":{"line":433,"column":8}},"188":{"start":{"line":441,"column":19},"end":{"line":441,"column":51}},"189":{"start":{"line":442,"column":6},"end":{"line":447,"column":7}},"190":{"start":{"line":443,"column":8},"end":{"line":445,"column":null}},"191":{"start":{"line":449,"column":6},"end":{"line":449,"column":19}},"192":{"start":{"line":455,"column":26},"end":{"line":455,"column":46}},"193":{"start":{"line":456,"column":6},"end":{"line":456,"column":51}},"194":{"start":{"line":456,"column":24},"end":{"line":456,"column":51}},"195":{"start":{"line":458,"column":34},"end":{"line":458,"column":36}},"196":{"start":{"line":460,"column":6},"end":{"line":523,"column":9}},"197":{"start":{"line":462,"column":24},"end":{"line":463,"column":null}},"198":{"start":{"line":463,"column":23},"end":{"line":463,"column":55}},"199":{"start":{"line":465,"column":8},"end":{"line":487,"column":9}},"200":{"start":{"line":467,"column":10},"end":{"line":471,"column":12}},"201":{"start":{"line":474,"column":10},"end":{"line":486,"column":12}},"202":{"start":{"line":478,"column":16},"end":{"line":478,"column":57}},"203":{"start":{"line":490,"column":24},"end":{"line":491,"column":null}},"204":{"start":{"line":491,"column":23},"end":{"line":491,"column":58}},"205":{"start":{"line":493,"column":8},"end":{"line":522,"column":9}},"206":{"start":{"line":495,"column":10},"end":{"line":499,"column":12}},"207":{"start":{"line":502,"column":10},"end":{"line":506,"column":12}},"208":{"start":{"line":509,"column":10},"end":{"line":521,"column":12}},"209":{"start":{"line":513,"column":16},"end":{"line":513,"column":57}},"210":{"start":{"line":525,"column":6},"end":{"line":525,"column":52}}},"fnMap":{"0":{"name":"(anonymous_0)","decl":{"start":{"line":20,"column":33},"end":{"line":20,"column":null}},"loc":{"start":{"line":23,"column":4},"end":{"line":32,"column":1}}},"1":{"name":"(anonymous_1)","decl":{"start":{"line":34,"column":29},"end":{"line":34,"column":null}},"loc":{"start":{"line":37,"column":4},"end":{"line":51,"column":1}}},"2":{"name":"(anonymous_2)","decl":{"start":{"line":38,"column":29},"end":{"line":38,"column":30}},"loc":{"start":{"line":38,"column":43},"end":{"line":50,"column":3}}},"3":{"name":"(anonymous_3)","decl":{"start":{"line":40,"column":6},"end":{"line":40,"column":7}},"loc":{"start":{"line":41,"column":8},"end":{"line":41,"column":79}}},"4":{"name":"(anonymous_4)","decl":{"start":{"line":53,"column":36},"end":{"line":53,"column":37}},"loc":{"start":{"line":53,"column":57},"end":{"line":55,"column":1}}},"5":{"name":"(anonymous_5)","decl":{"start":{"line":57,"column":36},"end":{"line":57,"column":37}},"loc":{"start":{"line":57,"column":57},"end":{"line":59,"column":1}}},"6":{"name":"(anonymous_6)","decl":{"start":{"line":62,"column":22},"end":{"line":62,"column":null}},"loc":{"start":{"line":66,"column":17},"end":{"line":122,"column":1}}},"7":{"name":"(anonymous_7)","decl":{"start":{"line":87,"column":13},"end":{"line":87,"column":14}},"loc":{"start":{"line":87,"column":31},"end":{"line":87,"column":49}}},"8":{"name":"(anonymous_8)","decl":{"start":{"line":104,"column":41},"end":{"line":104,"column":42}},"loc":{"start":{"line":104,"column":47},"end":{"line":107,"column":3}}},"9":{"name":"(anonymous_9)","decl":{"start":{"line":112,"column":41},"end":{"line":112,"column":42}},"loc":{"start":{"line":112,"column":47},"end":{"line":115,"column":3}}},"10":{"name":"(anonymous_10)","decl":{"start":{"line":125,"column":25},"end":{"line":125,"column":26}},"loc":{"start":{"line":125,"column":71},"end":{"line":175,"column":1}}},"11":{"name":"(anonymous_11)","decl":{"start":{"line":142,"column":6},"end":{"line":142,"column":7}},"loc":{"start":{"line":142,"column":24},"end":{"line":147,"column":7}}},"12":{"name":"(anonymous_12)","decl":{"start":{"line":143,"column":28},"end":{"line":143,"column":29}},"loc":{"start":{"line":143,"column":35},"end":{"line":143,"column":45}}},"13":{"name":"(anonymous_13)","decl":{"start":{"line":161,"column":6},"end":{"line":161,"column":7}},"loc":{"start":{"line":161,"column":24},"end":{"line":166,"column":7}}},"14":{"name":"(anonymous_14)","decl":{"start":{"line":162,"column":28},"end":{"line":162,"column":29}},"loc":{"start":{"line":162,"column":35},"end":{"line":162,"column":45}}},"15":{"name":"(anonymous_15)","decl":{"start":{"line":178,"column":25},"end":{"line":178,"column":26}},"loc":{"start":{"line":178,"column":71},"end":{"line":226,"column":1}}},"16":{"name":"(anonymous_16)","decl":{"start":{"line":194,"column":6},"end":{"line":194,"column":7}},"loc":{"start":{"line":194,"column":24},"end":{"line":199,"column":7}}},"17":{"name":"(anonymous_17)","decl":{"start":{"line":195,"column":28},"end":{"line":195,"column":29}},"loc":{"start":{"line":195,"column":35},"end":{"line":195,"column":45}}},"18":{"name":"(anonymous_18)","decl":{"start":{"line":213,"column":6},"end":{"line":213,"column":7}},"loc":{"start":{"line":213,"column":24},"end":{"line":218,"column":7}}},"19":{"name":"(anonymous_19)","decl":{"start":{"line":214,"column":28},"end":{"line":214,"column":29}},"loc":{"start":{"line":214,"column":35},"end":{"line":214,"column":45}}},"20":{"name":"(anonymous_20)","decl":{"start":{"line":229,"column":29},"end":{"line":229,"column":null}},"loc":{"start":{"line":233,"column":53},"end":{"line":268,"column":1}}},"21":{"name":"(anonymous_21)","decl":{"start":{"line":240,"column":36},"end":{"line":240,"column":37}},"loc":{"start":{"line":240,"column":43},"end":{"line":240,"column":67}}},"22":{"name":"(anonymous_22)","decl":{"start":{"line":251,"column":46},"end":{"line":251,"column":47}},"loc":{"start":{"line":251,"column":53},"end":{"line":251,"column":63}}},"23":{"name":"(anonymous_23)","decl":{"start":{"line":261,"column":44},"end":{"line":261,"column":45}},"loc":{"start":{"line":261,"column":51},"end":{"line":261,"column":61}}},"24":{"name":"(anonymous_24)","decl":{"start":{"line":274,"column":2},"end":{"line":274,"column":19}},"loc":{"start":{"line":277,"column":25},"end":{"line":425,"column":3}}},"25":{"name":"(anonymous_25)","decl":{"start":{"line":286,"column":25},"end":{"line":286,"column":26}},"loc":{"start":{"line":286,"column":41},"end":{"line":421,"column":5}}},"26":{"name":"(anonymous_26)","decl":{"start":{"line":293,"column":32},"end":{"line":293,"column":33}},"loc":{"start":{"line":293,"column":41},"end":{"line":420,"column":7}}},"27":{"name":"(anonymous_27)","decl":{"start":{"line":310,"column":12},"end":{"line":310,"column":13}},"loc":{"start":{"line":311,"column":14},"end":{"line":312,"column":49}}},"28":{"name":"(anonymous_28)","decl":{"start":{"line":428,"column":4},"end":{"line":428,"column":8}},"loc":{"start":{"line":428,"column":8},"end":{"line":434,"column":5}}},"29":{"name":"(anonymous_29)","decl":{"start":{"line":436,"column":4},"end":{"line":436,"column":9}},"loc":{"start":{"line":438,"column":35},"end":{"line":450,"column":5}}},"30":{"name":"(anonymous_30)","decl":{"start":{"line":454,"column":4},"end":{"line":454,"column":15}},"loc":{"start":{"line":454,"column":34},"end":{"line":526,"column":5}}},"31":{"name":"(anonymous_31)","decl":{"start":{"line":460,"column":28},"end":{"line":460,"column":29}},"loc":{"start":{"line":460,"column":56},"end":{"line":523,"column":7}}},"32":{"name":"(anonymous_32)","decl":{"start":{"line":463,"column":10},"end":{"line":463,"column":11}},"loc":{"start":{"line":463,"column":23},"end":{"line":463,"column":55}}},"33":{"name":"(anonymous_33)","decl":{"start":{"line":477,"column":14},"end":{"line":477,"column":15}},"loc":{"start":{"line":477,"column":23},"end":{"line":479,"column":15}}},"34":{"name":"(anonymous_34)","decl":{"start":{"line":491,"column":10},"end":{"line":491,"column":11}},"loc":{"start":{"line":491,"column":23},"end":{"line":491,"column":58}}},"35":{"name":"(anonymous_35)","decl":{"start":{"line":512,"column":14},"end":{"line":512,"column":15}},"loc":{"start":{"line":512,"column":23},"end":{"line":514,"column":15}}}},"branchMap":{"0":{"loc":{"start":{"line":25,"column":2},"end":{"line":25,"column":21}},"type":"if","locations":[{"start":{"line":25,"column":2},"end":{"line":25,"column":21}}]},"1":{"loc":{"start":{"line":41,"column":8},"end":{"line":41,"column":79}},"type":"binary-expr","locations":[{"start":{"line":41,"column":8},"end":{"line":41,"column":40}},{"start":{"line":41,"column":44},"end":{"line":41,"column":79}}]},"2":{"loc":{"start":{"line":43,"column":4},"end":{"line":43,"column":32}},"type":"if","locations":[{"start":{"line":43,"column":4},"end":{"line":43,"column":32}}]},"3":{"loc":{"start":{"line":45,"column":4},"end":{"line":49,"column":5}},"type":"if","locations":[{"start":{"line":45,"column":4},"end":{"line":49,"column":5}},{"start":{"line":47,"column":11},"end":{"line":49,"column":5}}]},"4":{"loc":{"start":{"line":74,"column":4},"end":{"line":76,"column":52}},"type":"cond-expr","locations":[{"start":{"line":75,"column":8},"end":{"line":75,"column":54}},{"start":{"line":76,"column":8},"end":{"line":76,"column":52}}]},"5":{"loc":{"start":{"line":80,"column":2},"end":{"line":95,"column":3}},"type":"if","locations":[{"start":{"line":80,"column":2},"end":{"line":95,"column":3}}]},"6":{"loc":{"start":{"line":83,"column":8},"end":{"line":85,"column":27}},"type":"cond-expr","locations":[{"start":{"line":84,"column":12},"end":{"line":84,"column":39}},{"start":{"line":85,"column":12},"end":{"line":85,"column":27}}]},"7":{"loc":{"start":{"line":132,"column":2},"end":{"line":172,"column":3}},"type":"if","locations":[{"start":{"line":132,"column":2},"end":{"line":172,"column":3}},{"start":{"line":152,"column":9},"end":{"line":172,"column":3}}]},"8":{"loc":{"start":{"line":143,"column":8},"end":{"line":146,"column":9}},"type":"if","locations":[{"start":{"line":143,"column":8},"end":{"line":146,"column":9}}]},"9":{"loc":{"start":{"line":152,"column":9},"end":{"line":172,"column":3}},"type":"if","locations":[{"start":{"line":152,"column":9},"end":{"line":172,"column":3}}]},"10":{"loc":{"start":{"line":162,"column":8},"end":{"line":165,"column":9}},"type":"if","locations":[{"start":{"line":162,"column":8},"end":{"line":165,"column":9}}]},"11":{"loc":{"start":{"line":185,"column":2},"end":{"line":223,"column":3}},"type":"if","locations":[{"start":{"line":185,"column":2},"end":{"line":223,"column":3}},{"start":{"line":204,"column":9},"end":{"line":223,"column":3}}]},"12":{"loc":{"start":{"line":195,"column":8},"end":{"line":198,"column":9}},"type":"if","locations":[{"start":{"line":195,"column":8},"end":{"line":198,"column":9}}]},"13":{"loc":{"start":{"line":204,"column":9},"end":{"line":223,"column":3}},"type":"if","locations":[{"start":{"line":204,"column":9},"end":{"line":223,"column":3}}]},"14":{"loc":{"start":{"line":214,"column":8},"end":{"line":217,"column":9}},"type":"if","locations":[{"start":{"line":214,"column":8},"end":{"line":217,"column":9}}]},"15":{"loc":{"start":{"line":237,"column":20},"end":{"line":237,"column":53}},"type":"binary-expr","locations":[{"start":{"line":237,"column":20},"end":{"line":237,"column":34}},{"start":{"line":237,"column":38},"end":{"line":237,"column":53}}]},"16":{"loc":{"start":{"line":238,"column":2},"end":{"line":238,"column":30}},"type":"if","locations":[{"start":{"line":238,"column":2},"end":{"line":238,"column":30}}]},"17":{"loc":{"start":{"line":241,"column":2},"end":{"line":241,"column":25}},"type":"if","locations":[{"start":{"line":241,"column":2},"end":{"line":241,"column":25}}]},"18":{"loc":{"start":{"line":251,"column":4},"end":{"line":253,"column":5}},"type":"if","locations":[{"start":{"line":251,"column":4},"end":{"line":253,"column":5}}]},"19":{"loc":{"start":{"line":251,"column":8},"end":{"line":251,"column":64}},"type":"binary-expr","locations":[{"start":{"line":251,"column":8},"end":{"line":251,"column":19}},{"start":{"line":251,"column":23},"end":{"line":251,"column":64}}]},"20":{"loc":{"start":{"line":261,"column":4},"end":{"line":263,"column":5}},"type":"if","locations":[{"start":{"line":261,"column":4},"end":{"line":263,"column":5}}]},"21":{"loc":{"start":{"line":261,"column":8},"end":{"line":261,"column":62}},"type":"binary-expr","locations":[{"start":{"line":261,"column":8},"end":{"line":261,"column":18}},{"start":{"line":261,"column":22},"end":{"line":261,"column":62}}]},"22":{"loc":{"start":{"line":281,"column":4},"end":{"line":281,"column":52}},"type":"if","locations":[{"start":{"line":281,"column":4},"end":{"line":281,"column":52}}]},"23":{"loc":{"start":{"line":281,"column":9},"end":{"line":281,"column":38}},"type":"cond-expr","locations":[{"start":{"line":281,"column":20},"end":{"line":281,"column":22}},{"start":{"line":281,"column":9},"end":{"line":281,"column":38}}]},"24":{"loc":{"start":{"line":281,"column":9},"end":{"line":281,"column":22}},"type":"binary-expr","locations":[{"start":{"line":281,"column":9},"end":{"line":281,"column":22}},{"start":{"line":281,"column":9},"end":{"line":281,"column":22}}]},"25":{"loc":{"start":{"line":289,"column":6},"end":{"line":291,"column":7}},"type":"if","locations":[{"start":{"line":289,"column":6},"end":{"line":291,"column":7}}]},"26":{"loc":{"start":{"line":289,"column":10},"end":{"line":289,"column":42}},"type":"binary-expr","locations":[{"start":{"line":289,"column":10},"end":{"line":289,"column":14}},{"start":{"line":289,"column":18},"end":{"line":289,"column":42}}]},"27":{"loc":{"start":{"line":294,"column":8},"end":{"line":419,"column":9}},"type":"if","locations":[{"start":{"line":294,"column":8},"end":{"line":419,"column":9}}]},"28":{"loc":{"start":{"line":311,"column":14},"end":{"line":312,"column":49}},"type":"binary-expr","locations":[{"start":{"line":311,"column":14},"end":{"line":311,"column":46}},{"start":{"line":312,"column":14},"end":{"line":312,"column":49}}]},"29":{"loc":{"start":{"line":314,"column":10},"end":{"line":317,"column":11}},"type":"if","locations":[{"start":{"line":314,"column":10},"end":{"line":317,"column":11}}]},"30":{"loc":{"start":{"line":324,"column":10},"end":{"line":359,"column":11}},"type":"if","locations":[{"start":{"line":324,"column":10},"end":{"line":359,"column":11}}]},"31":{"loc":{"start":{"line":337,"column":12},"end":{"line":347,"column":13}},"type":"if","locations":[{"start":{"line":337,"column":12},"end":{"line":347,"column":13}}]},"32":{"loc":{"start":{"line":361,"column":10},"end":{"line":413,"column":11}},"type":"if","locations":[{"start":{"line":361,"column":10},"end":{"line":413,"column":11}}]},"33":{"loc":{"start":{"line":374,"column":12},"end":{"line":392,"column":13}},"type":"if","locations":[{"start":{"line":374,"column":12},"end":{"line":392,"column":13}}]},"34":{"loc":{"start":{"line":416,"column":31},"end":{"line":416,"column":64}},"type":"cond-expr","locations":[{"start":{"line":416,"column":52},"end":{"line":416,"column":57}},{"start":{"line":416,"column":60},"end":{"line":416,"column":64}}]},"35":{"loc":{"start":{"line":424,"column":11},"end":{"line":424,"column":30}},"type":"cond-expr","locations":[{"start":{"line":424,"column":21},"end":{"line":424,"column":23}},{"start":{"line":424,"column":26},"end":{"line":424,"column":30}}]},"36":{"loc":{"start":{"line":442,"column":6},"end":{"line":447,"column":7}},"type":"if","locations":[{"start":{"line":442,"column":6},"end":{"line":447,"column":7}}]},"37":{"loc":{"start":{"line":456,"column":6},"end":{"line":456,"column":51}},"type":"if","locations":[{"start":{"line":456,"column":6},"end":{"line":456,"column":51}}]},"38":{"loc":{"start":{"line":465,"column":8},"end":{"line":487,"column":9}},"type":"if","locations":[{"start":{"line":465,"column":8},"end":{"line":487,"column":9}}]},"39":{"loc":{"start":{"line":493,"column":8},"end":{"line":522,"column":9}},"type":"if","locations":[{"start":{"line":493,"column":8},"end":{"line":522,"column":9}}]}},"s":{"0":0,"1":0,"2":0,"3":0,"4":0,"5":0,"6":0,"7":0,"8":0,"9":0,"10":0,"11":0,"12":0,"13":0,"14":0,"15":0,"16":0,"17":0,"18":0,"19":0,"20":0,"21":0,"22":0,"23":0,"24":0,"25":0,"26":0,"27":0,"28":0,"29":0,"30":0,"31":0,"32":0,"33":0,"34":0,"35":0,"36":0,"37":0,"38":0,"39":0,"40":0,"41":0,"42":0,"43":0,"44":0,"45":0,"46":0,"47":0,"48":0,"49":0,"50":0,"51":0,"52":0,"53":0,"54":0,"55":0,"56":0,"57":0,"58":0,"59":0,"60":0,"61":0,"62":0,"63":0,"64":0,"65":0,"66":0,"67":0,"68":0,"69":0,"70":0,"71":0,"72":0,"73":0,"74":0,"75":0,"76":0,"77":0,"78":0,"79":0,"80":0,"81":0,"82":0,"83":0,"84":0,"85":0,"86":0,"87":0,"88":0,"89":0,"90":0,"91":0,"92":0,"93":0,"94":0,"95":0,"96":0,"97":0,"98":0,"99":0,"100":0,"101":0,"102":0,"103":0,"104":0,"105":0,"106":0,"107":0,"108":0,"109":0,"110":0,"111":0,"112":0,"113":0,"114":0,"115":0,"116":0,"117":0,"118":0,"119":0,"120":0,"121":0,"122":0,"123":0,"124":0,"125":0,"126":0,"127":0,"128":0,"129":0,"130":0,"131":0,"132":0,"133":0,"134":0,"135":0,"136":0,"137":0,"138":0,"139":0,"140":0,"141":0,"142":0,"143":0,"144":0,"145":0,"146":0,"147":0,"148":0,"149":0,"150":0,"151":0,"152":0,"153":0,"154":0,"155":0,"156":0,"157":0,"158":0,"159":0,"160":0,"161":0,"162":0,"163":0,"164":0,"165":0,"166":0,"167":0,"168":0,"169":0,"170":0,"171":0,"172":0,"173":0,"174":0,"175":0,"176":0,"177":0,"178":0,"179":0,"180":0,"181":0,"182":0,"183":0,"184":0,"185":0,"186":0,"187":0,"188":0,"189":0,"190":0,"191":0,"192":0,"193":0,"194":0,"195":0,"196":0,"197":0,"198":0,"199":0,"200":0,"201":0,"202":0,"203":0,"204":0,"205":0,"206":0,"207":0,"208":0,"209":0,"210":0},"f":{"0":0,"1":0,"2":0,"3":0,"4":0,"5":0,"6":0,"7":0,"8":0,"9":0,"10":0,"11":0,"12":0,"13":0,"14":0,"15":0,"16":0,"17":0,"18":0,"19":0,"20":0,"21":0,"22":0,"23":0,"24":0,"25":0,"26":0,"27":0,"28":0,"29":0,"30":0,"31":0,"32":0,"33":0,"34":0,"35":0},"b":{"0":[0],"1":[0,0],"2":[0],"3":[0,0],"4":[0,0],"5":[0],"6":[0,0],"7":[0,0],"8":[0],"9":[0],"10":[0],"11":[0,0],"12":[0],"13":[0],"14":[0],"15":[0,0],"16":[0],"17":[0],"18":[0],"19":[0,0],"20":[0],"21":[0,0],"22":[0],"23":[0,0],"24":[0,0],"25":[0],"26":[0,0],"27":[0],"28":[0,0],"29":[0],"30":[0],"31":[0],"32":[0],"33":[0],"34":[0,0],"35":[0,0],"36":[0],"37":[0],"38":[0],"39":[0]}}
,"/Users/davefowler/Projects/prosemirror-suggestions/src/tools.ts": {"path":"/Users/davefowler/Projects/prosemirror-suggestions/src/tools.ts","statementMap":{"0":{"start":{"line":2,"column":0},"end":{"line":2,"column":53}},"1":{"start":{"line":21,"column":27},"end":{"line":101,"column":1}},"2":{"start":{"line":27,"column":24},"end":{"line":27,"column":65}},"3":{"start":{"line":28,"column":2},"end":{"line":28,"column":31}},"4":{"start":{"line":28,"column":22},"end":{"line":28,"column":31}},"5":{"start":{"line":30,"column":2},"end":{"line":36,"column":4}},"6":{"start":{"line":38,"column":18},"end":{"line":38,"column":44}},"7":{"start":{"line":39,"column":25},"end":{"line":39,"column":26}},"8":{"start":{"line":42,"column":2},"end":{"line":88,"column":5}},"9":{"start":{"line":43,"column":4},"end":{"line":87,"column":5}},"10":{"start":{"line":44,"column":60},"end":{"line":44,"column":62}},"11":{"start":{"line":47,"column":21},"end":{"line":47,"column":44}},"12":{"start":{"line":48,"column":21},"end":{"line":48,"column":44}},"13":{"start":{"line":50,"column":8},"end":{"line":52,"column":28}},"14":{"start":{"line":53,"column":20},"end":{"line":53,"column":44}},"15":{"start":{"line":57,"column":6},"end":{"line":63,"column":7}},"16":{"start":{"line":59,"column":27},"end":{"line":59,"column":54}},"17":{"start":{"line":60,"column":25},"end":{"line":60,"column":69}},"18":{"start":{"line":62,"column":8},"end":{"line":62,"column":65}},"19":{"start":{"line":66,"column":6},"end":{"line":84,"column":9}},"20":{"start":{"line":67,"column":19},"end":{"line":67,"column":32}},"21":{"start":{"line":70,"column":8},"end":{"line":74,"column":9}},"22":{"start":{"line":71,"column":10},"end":{"line":73,"column":13}},"23":{"start":{"line":77,"column":8},"end":{"line":81,"column":10}},"24":{"start":{"line":82,"column":8},"end":{"line":82,"column":26}},"25":{"start":{"line":83,"column":8},"end":{"line":83,"column":27}},"26":{"start":{"line":86,"column":6},"end":{"line":86,"column":62}},"27":{"start":{"line":91,"column":2},"end":{"line":98,"column":4}},"28":{"start":{"line":100,"column":2},"end":{"line":100,"column":26}},"29":{"start":{"line":21,"column":13},"end":{"line":21,"column":27}},"30":{"start":{"line":107,"column":2},"end":{"line":107,"column":55}}},"fnMap":{"0":{"name":"(anonymous_0)","decl":{"start":{"line":21,"column":27},"end":{"line":21,"column":null}},"loc":{"start":{"line":25,"column":4},"end":{"line":101,"column":1}}},"1":{"name":"(anonymous_1)","decl":{"start":{"line":42,"column":22},"end":{"line":42,"column":23}},"loc":{"start":{"line":42,"column":37},"end":{"line":88,"column":3}}},"2":{"name":"(anonymous_2)","decl":{"start":{"line":66,"column":40},"end":{"line":66,"column":41}},"loc":{"start":{"line":66,"column":57},"end":{"line":84,"column":7}}},"3":{"name":"escapeRegExp","decl":{"start":{"line":106,"column":9},"end":{"line":106,"column":21}},"loc":{"start":{"line":106,"column":36},"end":{"line":108,"column":1}}}},"branchMap":{"0":{"loc":{"start":{"line":28,"column":2},"end":{"line":28,"column":31}},"type":"if","locations":[{"start":{"line":28,"column":2},"end":{"line":28,"column":31}}]},"1":{"loc":{"start":{"line":47,"column":21},"end":{"line":47,"column":44}},"type":"binary-expr","locations":[{"start":{"line":47,"column":21},"end":{"line":47,"column":38}},{"start":{"line":47,"column":42},"end":{"line":47,"column":44}}]},"2":{"loc":{"start":{"line":48,"column":21},"end":{"line":48,"column":44}},"type":"binary-expr","locations":[{"start":{"line":48,"column":21},"end":{"line":48,"column":38}},{"start":{"line":48,"column":42},"end":{"line":48,"column":44}}]},"3":{"loc":{"start":{"line":70,"column":8},"end":{"line":74,"column":9}},"type":"if","locations":[{"start":{"line":70,"column":8},"end":{"line":74,"column":9}}]}},"s":{"0":1,"1":1,"2":7,"3":7,"4":1,"5":6,"6":6,"7":6,"8":6,"9":7,"10":7,"11":7,"12":7,"13":7,"14":7,"15":7,"16":9,"17":9,"18":9,"19":7,"20":9,"21":9,"22":1,"23":9,"24":8,"25":8,"26":1,"27":6,"28":6,"29":1,"30":21},"f":{"0":7,"1":7,"2":9,"3":21},"b":{"0":[1],"1":[7,6],"2":[7,6],"3":[1]}}
,"/Users/davefowler/Projects/prosemirror-suggestions/src/examples/inkAndSwitch/inkAndSwitch.ts": {"path":"/Users/davefowler/Projects/prosemirror-suggestions/src/examples/inkAndSwitch/inkAndSwitch.ts","statementMap":{"0":{"start":{"line":1,"column":0},"end":{"line":1,"column":48}},"1":{"start":{"line":2,"column":0},"end":{"line":2,"column":46}},"2":{"start":{"line":3,"column":0},"end":{"line":3,"column":50}},"3":{"start":{"line":4,"column":0},"end":{"line":4,"column":44}},"4":{"start":{"line":5,"column":0},"end":{"line":5,"column":46}},"5":{"start":{"line":6,"column":0},"end":{"line":6,"column":null}},"6":{"start":{"line":12,"column":0},"end":{"line":12,"column":40}},"7":{"start":{"line":13,"column":0},"end":{"line":13,"column":46}},"8":{"start":{"line":16,"column":0},"end":{"line":16,"column":34}},"9":{"start":{"line":19,"column":0},"end":{"line":57,"column":3}},"10":{"start":{"line":20,"column":18},"end":{"line":24,"column":4}},"11":{"start":{"line":26,"column":17},"end":{"line":26,"column":47}},"12":{"start":{"line":27,"column":18},"end":{"line":27,"column":78}},"13":{"start":{"line":28,"column":14},"end":{"line":28,"column":40}},"14":{"start":{"line":30,"column":16},"end":{"line":34,"column":4}},"15":{"start":{"line":37,"column":15},"end":{"line":37,"column":75}},"16":{"start":{"line":40,"column":2},"end":{"line":44,"column":7}},"17":{"start":{"line":43,"column":6},"end":{"line":43,"column":70}},"18":{"start":{"line":46,"column":2},"end":{"line":50,"column":7}},"19":{"start":{"line":49,"column":6},"end":{"line":49,"column":33}},"20":{"start":{"line":52,"column":2},"end":{"line":56,"column":7}},"21":{"start":{"line":55,"column":6},"end":{"line":55,"column":33}}},"fnMap":{"0":{"name":"(anonymous_0)","decl":{"start":{"line":19,"column":32},"end":{"line":19,"column":35}},"loc":{"start":{"line":19,"column":37},"end":{"line":57,"column":1}}},"1":{"name":"(anonymous_1)","decl":{"start":{"line":42,"column":33},"end":{"line":42,"column":34}},"loc":{"start":{"line":42,"column":39},"end":{"line":44,"column":5}}},"2":{"name":"(anonymous_2)","decl":{"start":{"line":48,"column":32},"end":{"line":48,"column":35}},"loc":{"start":{"line":48,"column":37},"end":{"line":50,"column":5}}},"3":{"name":"(anonymous_3)","decl":{"start":{"line":54,"column":32},"end":{"line":54,"column":35}},"loc":{"start":{"line":54,"column":37},"end":{"line":56,"column":5}}}},"branchMap":{"0":{"loc":{"start":{"line":40,"column":2},"end":{"line":44,"column":6}},"type":"cond-expr","locations":[{"start":{"line":41,"column":43},"end":{"line":41,"column":null}},{"start":{"line":41,"column":43},"end":{"line":44,"column":6}}]},"1":{"loc":{"start":{"line":40,"column":2},"end":{"line":41,"column":null}},"type":"binary-expr","locations":[{"start":{"line":40,"column":2},"end":{"line":41,"column":null}},{"start":{"line":41,"column":43},"end":{"line":41,"column":null}}]},"2":{"loc":{"start":{"line":46,"column":2},"end":{"line":50,"column":6}},"type":"cond-expr","locations":[{"start":{"line":47,"column":43},"end":{"line":47,"column":null}},{"start":{"line":47,"column":43},"end":{"line":50,"column":6}}]},"3":{"loc":{"start":{"line":46,"column":2},"end":{"line":47,"column":null}},"type":"binary-expr","locations":[{"start":{"line":46,"column":2},"end":{"line":47,"column":null}},{"start":{"line":47,"column":43},"end":{"line":47,"column":null}}]},"4":{"loc":{"start":{"line":52,"column":2},"end":{"line":56,"column":6}},"type":"cond-expr","locations":[{"start":{"line":53,"column":43},"end":{"line":53,"column":null}},{"start":{"line":53,"column":43},"end":{"line":56,"column":6}}]},"5":{"loc":{"start":{"line":52,"column":2},"end":{"line":53,"column":null}},"type":"binary-expr","locations":[{"start":{"line":52,"column":2},"end":{"line":53,"column":null}},{"start":{"line":53,"column":43},"end":{"line":53,"column":null}}]}},"s":{"0":0,"1":0,"2":0,"3":0,"4":0,"5":0,"6":0,"7":0,"8":0,"9":0,"10":0,"11":0,"12":0,"13":0,"14":0,"15":0,"16":0,"17":0,"18":0,"19":0,"20":0,"21":0},"f":{"0":0,"1":0,"2":0,"3":0},"b":{"0":[0,0],"1":[0,0],"2":[0,0],"3":[0,0],"4":[0,0],"5":[0,0]}}
,"/Users/davefowler/Projects/prosemirror-suggestions/src/examples/simple/simple.ts": {"path":"/Users/davefowler/Projects/prosemirror-suggestions/src/examples/simple/simple.ts","statementMap":{"0":{"start":{"line":1,"column":0},"end":{"line":1,"column":48}},"1":{"start":{"line":2,"column":0},"end":{"line":2,"column":46}},"2":{"start":{"line":3,"column":0},"end":{"line":3,"column":50}},"3":{"start":{"line":4,"column":0},"end":{"line":4,"column":44}},"4":{"start":{"line":5,"column":0},"end":{"line":5,"column":46}},"5":{"start":{"line":6,"column":0},"end":{"line":6,"column":null}},"6":{"start":{"line":12,"column":0},"end":{"line":12,"column":40}},"7":{"start":{"line":13,"column":0},"end":{"line":13,"column":46}},"8":{"start":{"line":16,"column":0},"end":{"line":16,"column":34}},"9":{"start":{"line":19,"column":0},"end":{"line":57,"column":3}},"10":{"start":{"line":20,"column":18},"end":{"line":24,"column":4}},"11":{"start":{"line":26,"column":17},"end":{"line":26,"column":47}},"12":{"start":{"line":27,"column":18},"end":{"line":27,"column":78}},"13":{"start":{"line":28,"column":14},"end":{"line":28,"column":40}},"14":{"start":{"line":30,"column":16},"end":{"line":34,"column":4}},"15":{"start":{"line":37,"column":15},"end":{"line":37,"column":75}},"16":{"start":{"line":40,"column":2},"end":{"line":44,"column":7}},"17":{"start":{"line":43,"column":6},"end":{"line":43,"column":70}},"18":{"start":{"line":46,"column":2},"end":{"line":50,"column":7}},"19":{"start":{"line":49,"column":6},"end":{"line":49,"column":33}},"20":{"start":{"line":52,"column":2},"end":{"line":56,"column":7}},"21":{"start":{"line":55,"column":6},"end":{"line":55,"column":33}}},"fnMap":{"0":{"name":"(anonymous_0)","decl":{"start":{"line":19,"column":32},"end":{"line":19,"column":35}},"loc":{"start":{"line":19,"column":37},"end":{"line":57,"column":1}}},"1":{"name":"(anonymous_1)","decl":{"start":{"line":42,"column":33},"end":{"line":42,"column":34}},"loc":{"start":{"line":42,"column":39},"end":{"line":44,"column":5}}},"2":{"name":"(anonymous_2)","decl":{"start":{"line":48,"column":32},"end":{"line":48,"column":35}},"loc":{"start":{"line":48,"column":37},"end":{"line":50,"column":5}}},"3":{"name":"(anonymous_3)","decl":{"start":{"line":54,"column":32},"end":{"line":54,"column":35}},"loc":{"start":{"line":54,"column":37},"end":{"line":56,"column":5}}}},"branchMap":{"0":{"loc":{"start":{"line":40,"column":2},"end":{"line":44,"column":6}},"type":"cond-expr","locations":[{"start":{"line":41,"column":43},"end":{"line":41,"column":null}},{"start":{"line":41,"column":43},"end":{"line":44,"column":6}}]},"1":{"loc":{"start":{"line":40,"column":2},"end":{"line":41,"column":null}},"type":"binary-expr","locations":[{"start":{"line":40,"column":2},"end":{"line":41,"column":null}},{"start":{"line":41,"column":43},"end":{"line":41,"column":null}}]},"2":{"loc":{"start":{"line":46,"column":2},"end":{"line":50,"column":6}},"type":"cond-expr","locations":[{"start":{"line":47,"column":43},"end":{"line":47,"column":null}},{"start":{"line":47,"column":43},"end":{"line":50,"column":6}}]},"3":{"loc":{"start":{"line":46,"column":2},"end":{"line":47,"column":null}},"type":"binary-expr","locations":[{"start":{"line":46,"column":2},"end":{"line":47,"column":null}},{"start":{"line":47,"column":43},"end":{"line":47,"column":null}}]},"4":{"loc":{"start":{"line":52,"column":2},"end":{"line":56,"column":6}},"type":"cond-expr","locations":[{"start":{"line":53,"column":43},"end":{"line":53,"column":null}},{"start":{"line":53,"column":43},"end":{"line":56,"column":6}}]},"5":{"loc":{"start":{"line":52,"column":2},"end":{"line":53,"column":null}},"type":"binary-expr","locations":[{"start":{"line":52,"column":2},"end":{"line":53,"column":null}},{"start":{"line":53,"column":43},"end":{"line":53,"column":null}}]}},"s":{"0":0,"1":0,"2":0,"3":0,"4":0,"5":0,"6":0,"7":0,"8":0,"9":0,"10":0,"11":0,"12":0,"13":0,"14":0,"15":0,"16":0,"17":0,"18":0,"19":0,"20":0,"21":0},"f":{"0":0,"1":0,"2":0,"3":0},"b":{"0":[0,0],"1":[0,0],"2":[0,0],"3":[0,0],"4":[0,0],"5":[0,0]}}
,"/Users/davefowler/Projects/prosemirror-suggestions/src/examples/suggestEdit/suggestEdit.ts": {"path":"/Users/davefowler/Projects/prosemirror-suggestions/src/examples/suggestEdit/suggestEdit.ts","statementMap":{"0":{"start":{"line":1,"column":0},"end":{"line":1,"column":48}},"1":{"start":{"line":2,"column":0},"end":{"line":2,"column":46}},"2":{"start":{"line":3,"column":0},"end":{"line":3,"column":50}},"3":{"start":{"line":4,"column":0},"end":{"line":4,"column":44}},"4":{"start":{"line":5,"column":0},"end":{"line":5,"column":46}},"5":{"start":{"line":6,"column":0},"end":{"line":6,"column":null}},"6":{"start":{"line":12,"column":0},"end":{"line":12,"column":40}},"7":{"start":{"line":13,"column":0},"end":{"line":13,"column":46}},"8":{"start":{"line":14,"column":0},"end":{"line":14,"column":58}},"9":{"start":{"line":17,"column":0},"end":{"line":17,"column":34}},"10":{"start":{"line":20,"column":0},"end":{"line":142,"column":3}},"11":{"start":{"line":22,"column":18},"end":{"line":26,"column":4}},"12":{"start":{"line":28,"column":17},"end":{"line":28,"column":47}},"13":{"start":{"line":29,"column":18},"end":{"line":29,"column":78}},"14":{"start":{"line":30,"column":14},"end":{"line":30,"column":40}},"15":{"start":{"line":32,"column":16},"end":{"line":36,"column":4}},"16":{"start":{"line":39,"column":15},"end":{"line":39,"column":75}},"17":{"start":{"line":42,"column":2},"end":{"line":46,"column":7}},"18":{"start":{"line":45,"column":6},"end":{"line":45,"column":70}},"19":{"start":{"line":48,"column":2},"end":{"line":52,"column":7}},"20":{"start":{"line":51,"column":6},"end":{"line":51,"column":33}},"21":{"start":{"line":54,"column":2},"end":{"line":58,"column":7}},"22":{"start":{"line":57,"column":6},"end":{"line":57,"column":33}},"23":{"start":{"line":62,"column":47},"end":{"line":104,"column":4}},"24":{"start":{"line":106,"column":2},"end":{"line":108,"column":5}},"25":{"start":{"line":107,"column":4},"end":{"line":107,"column":48}},"26":{"start":{"line":110,"column":25},"end":{"line":110,"column":63}},"27":{"start":{"line":113,"column":22},"end":{"line":113,"column":27}},"28":{"start":{"line":115,"column":2},"end":{"line":136,"column":5}},"29":{"start":{"line":116,"column":4},"end":{"line":116,"column":29}},"30":{"start":{"line":117,"column":4},"end":{"line":117,"column":75}},"31":{"start":{"line":118,"column":4},"end":{"line":118,"column":79}},"32":{"start":{"line":120,"column":4},"end":{"line":122,"column":5}},"33":{"start":{"line":121,"column":6},"end":{"line":121,"column":63}},"34":{"start":{"line":124,"column":4},"end":{"line":126,"column":5}},"35":{"start":{"line":125,"column":6},"end":{"line":125,"column":63}},"36":{"start":{"line":128,"column":4},"end":{"line":130,"column":5}},"37":{"start":{"line":129,"column":6},"end":{"line":129,"column":63}},"38":{"start":{"line":133,"column":4},"end":{"line":133,"column":54}},"39":{"start":{"line":134,"column":4},"end":{"line":135,"column":69}},"40":{"start":{"line":138,"column":2},"end":{"line":138,"column":23}},"41":{"start":{"line":141,"column":2},"end":{"line":141,"column":59}}},"fnMap":{"0":{"name":"(anonymous_0)","decl":{"start":{"line":20,"column":32},"end":{"line":20,"column":35}},"loc":{"start":{"line":20,"column":37},"end":{"line":142,"column":1}}},"1":{"name":"(anonymous_1)","decl":{"start":{"line":44,"column":33},"end":{"line":44,"column":34}},"loc":{"start":{"line":44,"column":39},"end":{"line":46,"column":5}}},"2":{"name":"(anonymous_2)","decl":{"start":{"line":50,"column":32},"end":{"line":50,"column":35}},"loc":{"start":{"line":50,"column":37},"end":{"line":52,"column":5}}},"3":{"name":"(anonymous_3)","decl":{"start":{"line":56,"column":32},"end":{"line":56,"column":35}},"loc":{"start":{"line":56,"column":37},"end":{"line":58,"column":5}}},"4":{"name":"(anonymous_4)","decl":{"start":{"line":106,"column":29},"end":{"line":106,"column":30}},"loc":{"start":{"line":106,"column":44},"end":{"line":108,"column":3}}},"5":{"name":"(anonymous_5)","decl":{"start":{"line":115,"column":29},"end":{"line":115,"column":30}},"loc":{"start":{"line":115,"column":51},"end":{"line":136,"column":3}}}},"branchMap":{"0":{"loc":{"start":{"line":42,"column":2},"end":{"line":46,"column":6}},"type":"cond-expr","locations":[{"start":{"line":43,"column":43},"end":{"line":43,"column":null}},{"start":{"line":43,"column":43},"end":{"line":46,"column":6}}]},"1":{"loc":{"start":{"line":42,"column":2},"end":{"line":43,"column":null}},"type":"binary-expr","locations":[{"start":{"line":42,"column":2},"end":{"line":43,"column":null}},{"start":{"line":43,"column":43},"end":{"line":43,"column":null}}]},"2":{"loc":{"start":{"line":48,"column":2},"end":{"line":52,"column":6}},"type":"cond-expr","locations":[{"start":{"line":49,"column":43},"end":{"line":49,"column":null}},{"start":{"line":49,"column":43},"end":{"line":52,"column":6}}]},"3":{"loc":{"start":{"line":48,"column":2},"end":{"line":49,"column":null}},"type":"binary-expr","locations":[{"start":{"line":48,"column":2},"end":{"line":49,"column":null}},{"start":{"line":49,"column":43},"end":{"line":49,"column":null}}]},"4":{"loc":{"start":{"line":54,"column":2},"end":{"line":58,"column":6}},"type":"cond-expr","locations":[{"start":{"line":55,"column":43},"end":{"line":55,"column":null}},{"start":{"line":55,"column":43},"end":{"line":58,"column":6}}]},"5":{"loc":{"start":{"line":54,"column":2},"end":{"line":55,"column":null}},"type":"binary-expr","locations":[{"start":{"line":54,"column":2},"end":{"line":55,"column":null}},{"start":{"line":55,"column":43},"end":{"line":55,"column":null}}]},"6":{"loc":{"start":{"line":120,"column":4},"end":{"line":122,"column":5}},"type":"if","locations":[{"start":{"line":120,"column":4},"end":{"line":122,"column":5}}]},"7":{"loc":{"start":{"line":124,"column":4},"end":{"line":126,"column":5}},"type":"if","locations":[{"start":{"line":124,"column":4},"end":{"line":126,"column":5}}]},"8":{"loc":{"start":{"line":128,"column":4},"end":{"line":130,"column":5}},"type":"if","locations":[{"start":{"line":128,"column":4},"end":{"line":130,"column":5}}]},"9":{"loc":{"start":{"line":135,"column":15},"end":{"line":135,"column":67}},"type":"cond-expr","locations":[{"start":{"line":135,"column":55},"end":{"line":135,"column":60}},{"start":{"line":135,"column":63},"end":{"line":135,"column":67}}]}},"s":{"0":0,"1":0,"2":0,"3":0,"4":0,"5":0,"6":0,"7":0,"8":0,"9":0,"10":0,"11":0,"12":0,"13":0,"14":0,"15":0,"16":0,"17":0,"18":0,"19":0,"20":0,"21":0,"22":0,"23":0,"24":0,"25":0,"26":0,"27":0,"28":0,"29":0,"30":0,"31":0,"32":0,"33":0,"34":0,"35":0,"36":0,"37":0,"38":0,"39":0,"40":0,"41":0},"f":{"0":0,"1":0,"2":0,"3":0,"4":0,"5":0},"b":{"0":[0,0],"1":[0,0],"2":[0,0],"3":[0,0],"4":[0,0],"5":[0,0],"6":[0],"7":[0],"8":[0],"9":[0,0]}}
}
